\BOOKMARK [1][-]{section.1}{Introduction}{}% 1
\BOOKMARK [1][-]{section.2}{Methods \046 Datasets}{}% 2
\BOOKMARK [2][-]{subsection.2.1}{GCE Spacial distribution}{section.2}% 3
\BOOKMARK [2][-]{subsection.2.2}{Observables}{section.2}% 4
\BOOKMARK [2][-]{subsection.2.3}{Total GCE Luminosity}{section.2}% 5
\BOOKMARK [2][-]{subsection.2.4}{Luminosity Functions}{section.2}% 6
\BOOKMARK [2][-]{subsection.2.5}{Sensitivity Models}{section.2}% 7
\BOOKMARK [1][-]{section.3}{Results}{}% 8
\BOOKMARK [2][-]{subsection.3.1}{Nr, Rr, and NGCE for different luminosity functions}{section.3}% 9
\BOOKMARK [2][-]{subsection.3.2}{Flux distribution}{section.3}% 10
\BOOKMARK [1][-]{section.4}{Discussion}{}% 11
\BOOKMARK [2][-]{subsection.4.1}{Sensitivity models}{section.4}% 12
\BOOKMARK [2][-]{subsection.4.2}{Allowed luminosity function parameterizations}{section.4}% 13
\BOOKMARK [2][-]{subsection.4.3}{Number of MSPs in the GCE}{section.4}% 14
\BOOKMARK [2][-]{subsection.4.4}{Flux distribution}{section.4}% 15
\BOOKMARK [1][-]{section.5}{Future Sensitivity}{}% 16
\BOOKMARK [1][-]{section.6}{Conclusion}{}% 17
\BOOKMARK [1][-]{appendix.A}{Scaling of ROIs and Spectral Ranges}{}% 18
\BOOKMARK [1][-]{appendix.B}{Conversion Between GCE Luminosity and Flux}{}% 19
\BOOKMARK [1][-]{appendix.C}{Calculation of photon energy}{}% 20
